{
  "stats": {
    "suites": 8,
    "tests": 16,
    "passes": 10,
    "pending": 6,
    "failures": 0,
    "start": "2023-12-01T21:13:29.459Z",
    "end": "2023-12-01T21:13:40.891Z",
    "duration": 11432,
    "testsRegistered": 16,
    "passPercent": 100,
    "pendingPercent": 37.5,
    "other": 0,
    "hasOther": false,
    "skipped": 0,
    "hasSkipped": false
  },
  "results": [
    {
      "uuid": "0c21f471-91d3-484c-be9e-abf08bcee1b8",
      "title": "",
      "fullFile": "",
      "file": "",
      "beforeHooks": [],
      "afterHooks": [],
      "tests": [],
      "suites": [
        {
          "uuid": "fff75f12-ba63-4d6a-ad02-f697d95b840a",
          "title": "User Posts",
          "fullFile": "C:\\Users\\Morfeu\\OneDrive\\Documentos\\stark-bank\\java-script\\super-api-tests\\test\\posts.js",
          "file": "\\test\\posts.js",
          "beforeHooks": [
            {
              "title": "\"before all\" hook in \"User Posts\"",
              "fullTitle": "User Posts \"before all\" hook in \"User Posts\"",
              "timedOut": false,
              "duration": 1384,
              "state": null,
              "speed": null,
              "pass": false,
              "fail": false,
              "pending": false,
              "context": null,
              "code": "var self = this,\n  args = arguments;\nreturn new Promise(function (resolve, reject) {\n  var gen = fn.apply(self, args);\n  function _next(value) {\n    asyncGeneratorStep(gen, resolve, reject, _next, _throw, \"next\", value);\n  }\n  function _throw(err) {\n    asyncGeneratorStep(gen, resolve, reject, _next, _throw, \"throw\", err);\n  }\n  _next(undefined);\n});",
              "err": {},
              "uuid": "e4b00533-9d0d-4b18-b10b-4bd233dd0963",
              "parentUUID": "fff75f12-ba63-4d6a-ad02-f697d95b840a",
              "isHook": true,
              "skipped": false
            }
          ],
          "afterHooks": [],
          "tests": [
            {
              "title": "/posts",
              "fullTitle": "User Posts /posts",
              "timedOut": false,
              "duration": 1185,
              "state": "passed",
              "speed": "slow",
              "pass": true,
              "fail": false,
              "pending": false,
              "context": null,
              "code": "var self = this,\n  args = arguments;\nreturn new Promise(function (resolve, reject) {\n  var gen = fn.apply(self, args);\n  function _next(value) {\n    asyncGeneratorStep(gen, resolve, reject, _next, _throw, \"next\", value);\n  }\n  function _throw(err) {\n    asyncGeneratorStep(gen, resolve, reject, _next, _throw, \"throw\", err);\n  }\n  _next(undefined);\n});",
              "err": {},
              "uuid": "78d808b3-ea8a-4dff-b99b-6d0fca85b248",
              "parentUUID": "fff75f12-ba63-4d6a-ad02-f697d95b840a",
              "isHook": false,
              "skipped": false
            },
            {
              "title": "GET /posts/:id",
              "fullTitle": "User Posts GET /posts/:id",
              "timedOut": false,
              "duration": 1110,
              "state": "passed",
              "speed": "slow",
              "pass": true,
              "fail": false,
              "pending": false,
              "context": null,
              "code": "var self = this,\n  args = arguments;\nreturn new Promise(function (resolve, reject) {\n  var gen = fn.apply(self, args);\n  function _next(value) {\n    asyncGeneratorStep(gen, resolve, reject, _next, _throw, \"next\", value);\n  }\n  function _throw(err) {\n    asyncGeneratorStep(gen, resolve, reject, _next, _throw, \"throw\", err);\n  }\n  _next(undefined);\n});",
              "err": {},
              "uuid": "43828bbe-c334-43bc-bed1-518e52d0b5b4",
              "parentUUID": "fff75f12-ba63-4d6a-ad02-f697d95b840a",
              "isHook": false,
              "skipped": false
            }
          ],
          "suites": [
            {
              "uuid": "c2361229-74ac-43f9-8e4e-0fe30dd0d3b1",
              "title": "Negative Tests",
              "fullFile": "C:\\Users\\Morfeu\\OneDrive\\Documentos\\stark-bank\\java-script\\super-api-tests\\test\\posts.js",
              "file": "\\test\\posts.js",
              "beforeHooks": [],
              "afterHooks": [],
              "tests": [
                {
                  "title": "401 Authentication Failed",
                  "fullTitle": "User Posts Negative Tests 401 Authentication Failed",
                  "timedOut": false,
                  "duration": 1069,
                  "state": "passed",
                  "speed": "slow",
                  "pass": true,
                  "fail": false,
                  "pending": false,
                  "context": null,
                  "code": "var self = this,\n  args = arguments;\nreturn new Promise(function (resolve, reject) {\n  var gen = fn.apply(self, args);\n  function _next(value) {\n    asyncGeneratorStep(gen, resolve, reject, _next, _throw, \"next\", value);\n  }\n  function _throw(err) {\n    asyncGeneratorStep(gen, resolve, reject, _next, _throw, \"throw\", err);\n  }\n  _next(undefined);\n});",
                  "err": {},
                  "uuid": "e6c90d0f-db28-4bb2-a02a-ff8e44118372",
                  "parentUUID": "c2361229-74ac-43f9-8e4e-0fe30dd0d3b1",
                  "isHook": false,
                  "skipped": false
                },
                {
                  "title": "422 Validation Failed",
                  "fullTitle": "User Posts Negative Tests 422 Validation Failed",
                  "timedOut": false,
                  "duration": 476,
                  "state": "passed",
                  "speed": "slow",
                  "pass": true,
                  "fail": false,
                  "pending": false,
                  "context": null,
                  "code": "var self = this,\n  args = arguments;\nreturn new Promise(function (resolve, reject) {\n  var gen = fn.apply(self, args);\n  function _next(value) {\n    asyncGeneratorStep(gen, resolve, reject, _next, _throw, \"next\", value);\n  }\n  function _throw(err) {\n    asyncGeneratorStep(gen, resolve, reject, _next, _throw, \"throw\", err);\n  }\n  _next(undefined);\n});",
                  "err": {},
                  "uuid": "7048661b-c42e-42b5-9ac3-faca928f5437",
                  "parentUUID": "c2361229-74ac-43f9-8e4e-0fe30dd0d3b1",
                  "isHook": false,
                  "skipped": false
                }
              ],
              "suites": [],
              "passes": [
                "e6c90d0f-db28-4bb2-a02a-ff8e44118372",
                "7048661b-c42e-42b5-9ac3-faca928f5437"
              ],
              "failures": [],
              "pending": [],
              "skipped": [],
              "duration": 1545,
              "root": false,
              "rootEmpty": false,
              "_timeout": 5000
            }
          ],
          "passes": [
            "78d808b3-ea8a-4dff-b99b-6d0fca85b248",
            "43828bbe-c334-43bc-bed1-518e52d0b5b4"
          ],
          "failures": [],
          "pending": [],
          "skipped": [],
          "duration": 2295,
          "root": false,
          "rootEmpty": false,
          "_timeout": 5000
        },
        {
          "uuid": "4bac57c2-772f-4657-ad5b-1d0dc59b6798",
          "title": "Users",
          "fullFile": "C:\\Users\\Morfeu\\OneDrive\\Documentos\\stark-bank\\java-script\\super-api-tests\\test\\users-advanced.js",
          "file": "\\test\\users-advanced.js",
          "beforeHooks": [],
          "afterHooks": [],
          "tests": [],
          "suites": [
            {
              "uuid": "6efd0754-82b9-44a1-bec8-00506a09a54c",
              "title": "POST",
              "fullFile": "C:\\Users\\Morfeu\\OneDrive\\Documentos\\stark-bank\\java-script\\super-api-tests\\test\\users-advanced.js",
              "file": "\\test\\users-advanced.js",
              "beforeHooks": [],
              "afterHooks": [],
              "tests": [
                {
                  "title": "/users",
                  "fullTitle": "Users POST /users",
                  "timedOut": false,
                  "duration": 1247,
                  "state": "passed",
                  "speed": "slow",
                  "pass": true,
                  "fail": false,
                  "pending": false,
                  "context": null,
                  "code": "var data = {\n  email: \"test-\".concat(Math.floor(Math.random() * 9999), \"@faxada.com.br\"),\n  name: 'Test name',\n  gender: 'male',\n  status: 'inactive'\n};\nreturn request.post('users').set('Authorization', \"Bearer \".concat(TOKEN)).send(data).then(function (res) {\n  (0, _chai.expect)(res.body).to.deep.include(data);\n  userId = res.body.id;\n});",
                  "err": {},
                  "uuid": "eb36b833-c7ea-416f-b9e7-06a437153f46",
                  "parentUUID": "6efd0754-82b9-44a1-bec8-00506a09a54c",
                  "isHook": false,
                  "skipped": false
                }
              ],
              "suites": [],
              "passes": [
                "eb36b833-c7ea-416f-b9e7-06a437153f46"
              ],
              "failures": [],
              "pending": [],
              "skipped": [],
              "duration": 1247,
              "root": false,
              "rootEmpty": false,
              "_timeout": 5000
            },
            {
              "uuid": "fb32d792-06e4-40fe-b31e-98fb46bb40e2",
              "title": "GET",
              "fullFile": "C:\\Users\\Morfeu\\OneDrive\\Documentos\\stark-bank\\java-script\\super-api-tests\\test\\users-advanced.js",
              "file": "\\test\\users-advanced.js",
              "beforeHooks": [],
              "afterHooks": [],
              "tests": [
                {
                  "title": "/users",
                  "fullTitle": "Users GET /users",
                  "timedOut": false,
                  "duration": 872,
                  "state": "passed",
                  "speed": "slow",
                  "pass": true,
                  "fail": false,
                  "pending": false,
                  "context": null,
                  "code": "return request.get(\"users?access-token=\".concat(TOKEN)).then(function (res) {\n  (0, _chai.expect)(res.body).to.not.be.empty;\n});",
                  "err": {},
                  "uuid": "126c1279-257d-486f-b235-6be04ccfc523",
                  "parentUUID": "fb32d792-06e4-40fe-b31e-98fb46bb40e2",
                  "isHook": false,
                  "skipped": false
                },
                {
                  "title": "users/:id",
                  "fullTitle": "Users GET users/:id",
                  "timedOut": false,
                  "duration": 483,
                  "state": "passed",
                  "speed": "slow",
                  "pass": true,
                  "fail": false,
                  "pending": false,
                  "context": null,
                  "code": "return request.get(\"users/\".concat(userId, \"?access-token=\").concat(TOKEN)).then(function (res) {\n  (0, _chai.expect)(res.body.id).to.be.eq(userId);\n});",
                  "err": {},
                  "uuid": "891c05e3-dcf8-4572-bce1-257e9392f400",
                  "parentUUID": "fb32d792-06e4-40fe-b31e-98fb46bb40e2",
                  "isHook": false,
                  "skipped": false
                },
                {
                  "title": "users with query params",
                  "fullTitle": "Users GET users with query params",
                  "timedOut": false,
                  "duration": 1280,
                  "state": "passed",
                  "speed": "slow",
                  "pass": true,
                  "fail": false,
                  "pending": false,
                  "context": null,
                  "code": "var url = \"users?access-token=\".concat(TOKEN, \"&page=1&gender=female&status=inactive\");\nreturn request.get(url).then(function (res) {\n  (0, _chai.expect)(res.body).to.not.be.empty;\n  res.body.forEach(function (data) {\n    (0, _chai.expect)(data.gender).to.eq('female');\n    (0, _chai.expect)(data.status).to.eq('inactive');\n  });\n});",
                  "err": {},
                  "uuid": "a13f1cdb-0cda-4162-bb03-3fe46a8f8f6e",
                  "parentUUID": "fb32d792-06e4-40fe-b31e-98fb46bb40e2",
                  "isHook": false,
                  "skipped": false
                }
              ],
              "suites": [],
              "passes": [
                "126c1279-257d-486f-b235-6be04ccfc523",
                "891c05e3-dcf8-4572-bce1-257e9392f400",
                "a13f1cdb-0cda-4162-bb03-3fe46a8f8f6e"
              ],
              "failures": [],
              "pending": [],
              "skipped": [],
              "duration": 2635,
              "root": false,
              "rootEmpty": false,
              "_timeout": 5000
            },
            {
              "uuid": "3058dccf-53b2-4269-b245-1679d9584b72",
              "title": "PUT",
              "fullFile": "C:\\Users\\Morfeu\\OneDrive\\Documentos\\stark-bank\\java-script\\super-api-tests\\test\\users-advanced.js",
              "file": "\\test\\users-advanced.js",
              "beforeHooks": [],
              "afterHooks": [],
              "tests": [
                {
                  "title": "users/:id",
                  "fullTitle": "Users PUT users/:id",
                  "timedOut": false,
                  "duration": 1166,
                  "state": "passed",
                  "speed": "slow",
                  "pass": true,
                  "fail": false,
                  "pending": false,
                  "context": null,
                  "code": "var data = {\n  status: 'active',\n  name: \"Juli - \".concat(Math.floor(Math.random() * 9999))\n};\nreturn request.put(\"users/\".concat(userId)).set('Authorization', \"Bearer \".concat(TOKEN)).send(data).then(function (res) {\n  (0, _chai.expect)(res.body).to.deep.include(data);\n});",
                  "err": {},
                  "uuid": "6a24daf3-4100-458c-9fb6-55a90f19bf2a",
                  "parentUUID": "3058dccf-53b2-4269-b245-1679d9584b72",
                  "isHook": false,
                  "skipped": false
                }
              ],
              "suites": [],
              "passes": [
                "6a24daf3-4100-458c-9fb6-55a90f19bf2a"
              ],
              "failures": [],
              "pending": [],
              "skipped": [],
              "duration": 1166,
              "root": false,
              "rootEmpty": false,
              "_timeout": 5000
            },
            {
              "uuid": "4a46429a-21e9-4622-be8b-56021fb26438",
              "title": "DELETE",
              "fullFile": "C:\\Users\\Morfeu\\OneDrive\\Documentos\\stark-bank\\java-script\\super-api-tests\\test\\users-advanced.js",
              "file": "\\test\\users-advanced.js",
              "beforeHooks": [],
              "afterHooks": [],
              "tests": [
                {
                  "title": "users/:id",
                  "fullTitle": "Users DELETE users/:id",
                  "timedOut": false,
                  "duration": 1151,
                  "state": "passed",
                  "speed": "slow",
                  "pass": true,
                  "fail": false,
                  "pending": false,
                  "context": null,
                  "code": "return request[\"delete\"](\"users/\".concat(userId)).set('Authorization', \"Bearer \".concat(TOKEN)).then(function (res) {\n  (0, _chai.expect)(res.statusCode).to.be.eq(204);\n});",
                  "err": {},
                  "uuid": "235052c2-d70f-4830-8d8a-002bdf2f8a01",
                  "parentUUID": "4a46429a-21e9-4622-be8b-56021fb26438",
                  "isHook": false,
                  "skipped": false
                }
              ],
              "suites": [],
              "passes": [
                "235052c2-d70f-4830-8d8a-002bdf2f8a01"
              ],
              "failures": [],
              "pending": [],
              "skipped": [],
              "duration": 1151,
              "root": false,
              "rootEmpty": false,
              "_timeout": 5000
            }
          ],
          "passes": [],
          "failures": [],
          "pending": [],
          "skipped": [],
          "duration": 0,
          "root": false,
          "rootEmpty": false,
          "_timeout": 5000
        },
        {
          "uuid": "2d423521-bf71-45f3-9759-60b5e433c0f9",
          "title": "Users",
          "fullFile": "C:\\Users\\Morfeu\\OneDrive\\Documentos\\stark-bank\\java-script\\super-api-tests\\test\\users.js",
          "file": "\\test\\users.js",
          "beforeHooks": [],
          "afterHooks": [],
          "tests": [
            {
              "title": "GET /users",
              "fullTitle": "Users GET /users",
              "timedOut": false,
              "duration": 0,
              "state": "pending",
              "speed": null,
              "pass": false,
              "fail": false,
              "pending": true,
              "context": null,
              "code": "",
              "err": {},
              "uuid": "1fc7875d-9edd-44b8-a966-7d016613f862",
              "parentUUID": "2d423521-bf71-45f3-9759-60b5e433c0f9",
              "isHook": false,
              "skipped": false
            },
            {
              "title": "GET /users/:id",
              "fullTitle": "Users GET /users/:id",
              "timedOut": false,
              "duration": 0,
              "state": "pending",
              "speed": null,
              "pass": false,
              "fail": false,
              "pending": true,
              "context": null,
              "code": "",
              "err": {},
              "uuid": "42addc28-e6b2-4581-ab71-419c166a83c1",
              "parentUUID": "2d423521-bf71-45f3-9759-60b5e433c0f9",
              "isHook": false,
              "skipped": false
            },
            {
              "title": "GET /users with query params",
              "fullTitle": "Users GET /users with query params",
              "timedOut": false,
              "duration": 0,
              "state": "pending",
              "speed": null,
              "pass": false,
              "fail": false,
              "pending": true,
              "context": null,
              "code": "",
              "err": {},
              "uuid": "6457c275-bb08-45d5-9370-9e834708e13d",
              "parentUUID": "2d423521-bf71-45f3-9759-60b5e433c0f9",
              "isHook": false,
              "skipped": false
            },
            {
              "title": "POST /users",
              "fullTitle": "Users POST /users",
              "timedOut": false,
              "duration": 0,
              "state": "pending",
              "speed": null,
              "pass": false,
              "fail": false,
              "pending": true,
              "context": null,
              "code": "",
              "err": {},
              "uuid": "ccd67640-e717-419a-9321-0c07283edaa5",
              "parentUUID": "2d423521-bf71-45f3-9759-60b5e433c0f9",
              "isHook": false,
              "skipped": false
            },
            {
              "title": "PUT /users/:id",
              "fullTitle": "Users PUT /users/:id",
              "timedOut": false,
              "duration": 0,
              "state": "pending",
              "speed": null,
              "pass": false,
              "fail": false,
              "pending": true,
              "context": null,
              "code": "",
              "err": {},
              "uuid": "a6f69cac-e730-4855-ad9d-f5547aab3306",
              "parentUUID": "2d423521-bf71-45f3-9759-60b5e433c0f9",
              "isHook": false,
              "skipped": false
            },
            {
              "title": "DELETE /users/:id",
              "fullTitle": "Users DELETE /users/:id",
              "timedOut": false,
              "duration": 0,
              "state": "pending",
              "speed": null,
              "pass": false,
              "fail": false,
              "pending": true,
              "context": null,
              "code": "",
              "err": {},
              "uuid": "688e9b0c-eb91-44dd-8b2f-09831e166913",
              "parentUUID": "2d423521-bf71-45f3-9759-60b5e433c0f9",
              "isHook": false,
              "skipped": false
            }
          ],
          "suites": [],
          "passes": [],
          "failures": [],
          "pending": [
            "1fc7875d-9edd-44b8-a966-7d016613f862",
            "42addc28-e6b2-4581-ab71-419c166a83c1",
            "6457c275-bb08-45d5-9370-9e834708e13d",
            "ccd67640-e717-419a-9321-0c07283edaa5",
            "a6f69cac-e730-4855-ad9d-f5547aab3306",
            "688e9b0c-eb91-44dd-8b2f-09831e166913"
          ],
          "skipped": [],
          "duration": 0,
          "root": false,
          "rootEmpty": false,
          "_timeout": 5000
        }
      ],
      "passes": [],
      "failures": [],
      "pending": [],
      "skipped": [],
      "duration": 0,
      "root": true,
      "rootEmpty": true,
      "_timeout": 5000
    }
  ],
  "meta": {
    "mocha": {
      "version": "10.2.0"
    },
    "mochawesome": {
      "options": {
        "quiet": false,
        "reportFilename": "mochawesome",
        "saveHtml": true,
        "saveJson": true,
        "consoleReporter": "spec",
        "useInlineDiffs": false,
        "code": true
      },
      "version": "7.1.3"
    },
    "marge": {
      "options": null,
      "version": "6.2.0"
    }
  }
}